#
# There is insufficient memory for the Java Runtime Environment to continue.
# Native memory allocation (mmap) failed to map 268435456 bytes for Failed to commit area from 0x0000000701600000 to 0x0000000711600000 of length 268435456.
# Possible reasons:
#   The system is out of physical RAM or swap space
#   The process is running with CompressedOops enabled, and the Java Heap may be blocking the growth of the native heap
# Possible solutions:
#   Reduce memory load on the system
#   Increase physical memory or swap space
#   Check if swap backing store is full
#   Decrease Java heap size (-Xmx/-Xms)
#   Decrease number of Java threads
#   Decrease Java thread stack sizes (-Xss)
#   Set larger code cache with -XX:ReservedCodeCacheSize=
# This output file may be truncated or incomplete.
#
#  Out of Memory Error (./src/hotspot/os/windows/os_windows.cpp:3303), pid=25832, tid=25568
#
# JRE version:  (11.0.9.1+11) (build )
# Java VM: OpenJDK 64-Bit Server VM (11.0.9.1+11-b1145.37, mixed mode, sharing, tiered, compressed oops, g1 gc, windows-amd64)
# No core dump will be written. Minidumps are not enabled by default on client versions of Windows
#

---------------  S U M M A R Y ------------

Command Line: org.jetbrains.git4idea.http.GitAskPassApp Username for 'https://github.com': 

Host: Intel(R) Core(TM) i3-4170 CPU @ 3.70GHz, 4 cores, 15G,  Windows 10 , 64 bit Build 19041 (10.0.19041.662)
Time: Mon Jan 25 14:52:14 2021 SE Asia Standard Time elapsed time: 0.015008 seconds (0d 0h 0m 0s)

---------------  T H R E A D  ---------------

Current thread (0x0000028601e2c000):  JavaThread "Unknown thread" [_thread_in_vm, id=25568, stack(0x0000009c91e00000,0x0000009c91f00000)]

Stack: [0x0000009c91e00000,0x0000009c91f00000]
Native frames: (J=compiled Java code, j=interpreted, Vv=VM code, C=native code)
V  [jvm.dll+0x5edd9a]
V  [jvm.dll+0x7229c5]
V  [jvm.dll+0x723f1d]
V  [jvm.dll+0x7245d3]
V  [jvm.dll+0x2431b8]
V  [jvm.dll+0x5eb234]
V  [jvm.dll+0x5e0325]
V  [jvm.dll+0x2fe60b]
V  [jvm.dll+0x2fe57a]
V  [jvm.dll+0x2fe452]
V  [jvm.dll+0x303346]
V  [jvm.dll+0x34ba83]
V  [jvm.dll+0x34c186]
V  [jvm.dll+0x34bb83]
V  [jvm.dll+0x2d9218]
V  [jvm.dll+0x2da3c7]
V  [jvm.dll+0x701a67]
V  [jvm.dll+0x70325c]
V  [jvm.dll+0x359049]
V  [jvm.dll+0x6e552e]
V  [jvm.dll+0x3c1353]
V  [jvm.dll+0x3c3571]
C  [jli.dll+0x5373]
C  [ucrtbase.dll+0x214c2]
C  [KERNEL32.DLL+0x17034]
C  [ntdll.dll+0x4d0d1]


---------------  P R O C E S S  ---------------

Threads class SMR info:
_java_thread_list=0x000002867fb63c90, length=0, elements={
}

Java Threads: ( => current thread )

Other Threads:
  0x0000028601e44800 GCTaskThread "GC Thread#0" [stack: 0x0000009c91f00000,0x0000009c92000000] [id=24616]
  0x0000028601ea0800 ConcurrentGCThread "G1 Main Marker" [stack: 0x0000009c92000000,0x0000009c92100000] [id=26176]
  0x0000028601ea2000 ConcurrentGCThread "G1 Conc#0" [stack: 0x0000009c92100000,0x0000009c92200000] [id=6448]

[error occurred during error reporting (printing all threads), id 0xc0000005, EXCEPTION_ACCESS_VIOLATION (0xc0000005) at pc=0x00007ffc83019807]

VM state:not at safepoint (not fully initialized)

VM Mutex/Monitor currently owned by a thread:  ([mutex/lock_event])
[0x0000028601e298c0] Heap_lock - owner thread: 0x0000028601e2c000

Heap address: 0x0000000701600000, size: 4074 MB, Compressed Oops mode: Non-zero based: 0x0000000701600000
Narrow klass base: 0x0000000000000000, Narrow klass shift: 0

GC Heap History (0 events):
No events

Deoptimization events (0 events):
No events

Classes redefined (0 events):
No events

Internal exceptions (0 events):
No events

Events (1 events):
Event: 0.008 Loaded shared library C:\Program Files\JetBrains\PyCharm 2020.2.1\jbr\bin\zip.dll


Dynamic libraries:
0x00007ff75ea80000 - 0x00007ff75ea8a000 	C:\Program Files\JetBrains\PyCharm 2020.2.1\jbr\bin\java.exe
0x00007ffced410000 - 0x00007ffced606000 	C:\WINDOWS\SYSTEM32\ntdll.dll
0x00007ffceb4e0000 - 0x00007ffceb59d000 	C:\WINDOWS\System32\KERNEL32.DLL
0x00007ffceb140000 - 0x00007ffceb409000 	C:\WINDOWS\System32\KERNELBASE.dll
0x00007ffceb010000 - 0x00007ffceb110000 	C:\WINDOWS\System32\ucrtbase.dll
0x00007ffce05a0000 - 0x00007ffce05b7000 	C:\Program Files\JetBrains\PyCharm 2020.2.1\jbr\bin\VCRUNTIME140.dll
0x00007ffce2140000 - 0x00007ffce2159000 	C:\Program Files\JetBrains\PyCharm 2020.2.1\jbr\bin\jli.dll
0x00007ffceb650000 - 0x00007ffceb7f0000 	C:\WINDOWS\System32\USER32.dll
0x00007ffcdf040000 - 0x00007ffcdf2db000 	C:\WINDOWS\WinSxS\amd64_microsoft.windows.common-controls_6595b64144ccf1df_6.0.19041.746_none_ca02b4b61b8320a4\COMCTL32.dll
0x00007ffceb110000 - 0x00007ffceb132000 	C:\WINDOWS\System32\win32u.dll
0x00007ffcecac0000 - 0x00007ffcecb5e000 	C:\WINDOWS\System32\msvcrt.dll
0x00007ffceb9a0000 - 0x00007ffceb9ca000 	C:\WINDOWS\System32\GDI32.dll
0x00007ffceaf00000 - 0x00007ffceb00b000 	C:\WINDOWS\System32\gdi32full.dll
0x00007ffceaba0000 - 0x00007ffceac3d000 	C:\WINDOWS\System32\msvcp_win.dll
0x00007ffcec780000 - 0x00007ffcec7b0000 	C:\WINDOWS\System32\IMM32.DLL
0x00007ffcbf940000 - 0x00007ffcbf9dd000 	C:\Program Files\JetBrains\PyCharm 2020.2.1\jbr\bin\msvcp140.dll
0x00007ffc82d30000 - 0x00007ffc837fe000 	C:\Program Files\JetBrains\PyCharm 2020.2.1\jbr\bin\server\jvm.dll
0x00007ffced2b0000 - 0x00007ffced35c000 	C:\WINDOWS\System32\ADVAPI32.dll
0x00007ffceba80000 - 0x00007ffcebb1c000 	C:\WINDOWS\System32\sechost.dll
0x00007ffcec8d0000 - 0x00007ffcec9fb000 	C:\WINDOWS\System32\RPCRT4.dll
0x00007ffcec810000 - 0x00007ffcec818000 	C:\WINDOWS\System32\PSAPI.DLL
0x00007ffce0d50000 - 0x00007ffce0d77000 	C:\WINDOWS\SYSTEM32\WINMM.dll
0x00007ffce1d80000 - 0x00007ffce1d8a000 	C:\WINDOWS\SYSTEM32\VERSION.dll
0x00007ffce2b20000 - 0x00007ffce2b29000 	C:\WINDOWS\SYSTEM32\WSOCK32.dll
0x00007ffced360000 - 0x00007ffced3cb000 	C:\WINDOWS\System32\WS2_32.dll
0x00007ffce8a70000 - 0x00007ffce8a82000 	C:\WINDOWS\SYSTEM32\kernel.appcore.dll
0x00007ffce25f0000 - 0x00007ffce2601000 	C:\Program Files\JetBrains\PyCharm 2020.2.1\jbr\bin\verify.dll
0x00007ffce3500000 - 0x00007ffce36e4000 	C:\WINDOWS\SYSTEM32\DBGHELP.DLL
0x00007ffce3040000 - 0x00007ffce306c000 	C:\WINDOWS\SYSTEM32\dbgcore.DLL
0x00007ffceadd0000 - 0x00007ffceae50000 	C:\WINDOWS\System32\bcryptPrimitives.dll
0x00007ffcc2da0000 - 0x00007ffcc2dc9000 	C:\Program Files\JetBrains\PyCharm 2020.2.1\jbr\bin\java.dll
0x00007ffce2470000 - 0x00007ffce247b000 	C:\Program Files\JetBrains\PyCharm 2020.2.1\jbr\bin\jimage.dll
0x00007ffcdad80000 - 0x00007ffcdad98000 	C:\Program Files\JetBrains\PyCharm 2020.2.1\jbr\bin\zip.dll

dbghelp: loaded successfully - version: 4.0.5 - missing functions: none
symbol engine: initialized successfully - sym options: 0x614 - pdb path: .;C:\Program Files\JetBrains\PyCharm 2020.2.1\jbr\bin;C:\WINDOWS\SYSTEM32;C:\WINDOWS\WinSxS\amd64_microsoft.windows.common-controls_6595b64144ccf1df_6.0.19041.746_none_ca02b4b61b8320a4;C:\Program Files\JetBrains\PyCharm 2020.2.1\jbr\bin\server

VM Arguments:
java_command: org.jetbrains.git4idea.http.GitAskPassApp Username for 'https://github.com': 
java_class_path (initial): C:/Program Files/JetBrains/PyCharm 2020.2.1/plugins/git4idea/lib/git4idea-rt.jar;C:/Program Files/JetBrains/PyCharm 2020.2.1/lib/xmlrpc-2.0.1.jar;C:/Program Files/JetBrains/PyCharm 2020.2.1/lib/commons-codec-1.14.jar
Launcher Type: SUN_STANDARD

[Global flags]
     intx CICompilerCount                          = 3                                         {product} {ergonomic}
     uint ConcGCThreads                            = 1                                         {product} {ergonomic}
     uint G1ConcRefinementThreads                  = 4                                         {product} {ergonomic}
   size_t G1HeapRegionSize                         = 1048576                                   {product} {ergonomic}
    uintx GCDrainStackTargetSize                   = 64                                        {product} {ergonomic}
   size_t InitialHeapSize                          = 268435456                                 {product} {ergonomic}
   size_t MarkStackSize                            = 4194304                                   {product} {ergonomic}
   size_t MaxHeapSize                              = 4271898624                                {product} {ergonomic}
   size_t MinHeapDeltaBytes                        = 1048576                                   {product} {ergonomic}
    uintx NonNMethodCodeHeapSize                   = 5830732                                {pd product} {ergonomic}
    uintx NonProfiledCodeHeapSize                  = 122913754                              {pd product} {ergonomic}
    uintx ProfiledCodeHeapSize                     = 122913754                              {pd product} {ergonomic}
    uintx ReservedCodeCacheSize                    = 251658240                              {pd product} {ergonomic}
     bool SegmentedCodeCache                       = true                                      {product} {ergonomic}
     bool UseCompressedClassPointers               = true                                 {lp64_product} {ergonomic}
     bool UseCompressedOops                        = true                                 {lp64_product} {ergonomic}
     bool UseG1GC                                  = true                                      {product} {ergonomic}
     bool UseLargePagesIndividualAllocation        = false                                  {pd product} {ergonomic}

Logging:
Log output configuration:
 #0: stdout all=warning uptime,level,tags
 #1: stderr all=off uptime,level,tags

Environment Variables:
PATH=C:\Program Files\Git\mingw64\libexec\git-core;C:\Program Files\Git\mingw64\bin;C:\Program Files\Git\usr\bin;C:\Users\phunh\bin;C:\Program Files (x86)\NetSarang\Xftp 6;C:\Program Files (x86)\NetSarang\Xshell 6;C:\Windows\system32;C:\Windows;C:\Windows\System32\Wbem;C:\Windows\System32\WindowsPowerShell\v1.0;C:\ProgramData\chocolatey\bin;C:\ProgramData\osquery;C:\Program Files (x86)\Google\Cloud SDK\google-cloud-sdk\bin;C:\Program Files (x86)\Windows Kits\8.1\Windows Performance Toolkit;C:\WINDOWS\system32;C:\WINDOWS;C:\WINDOWS\System32\Wbem;C:\WINDOWS\System32\WindowsPowerShell\v1.0;E:\GAM;C:\Program Files\OpenVPN\bin;C:\Program Files\Git\cmd;C:\WINDOWS\System32\OpenSSH;C:\Program Files\Amazon\AWSCLI\bin;C:\Users\phunh\AppData\Local\Programs\Python\Python36;C:\Program Files\nodejs;C:\Program Files\Amazon\AWSSAMCLI\bin;C:\Program Files\Docker\Docker\resources\bin;C:\ProgramData\DockerDesktop\version-bin;C:\Users\phunh\AppData\Local\Programs\Python\Python37-32\Scripts;C:\Users\phunh\AppData\Local\Programs\Python\Python37-32;C:\Python26-32\Scripts;C:\Python26-32;C:\Users\phunh\AppData\Local\Microsoft\WindowsApps;C:\Users\phunh\Documents\crawl-fb\phantomjs\bin;C:\Program Files (x86)\Nmap;C:\Program Files\Heroku\bin;C:\Program Files\JetBrains\PyCharm 2020.2.1\bin;C:\Users\phunh\AppData\Roaming\npm;E:\Setup\terraform
USERNAME=phunh
DISPLAY=:0.0
LC_ALL=en_US.UTF-8
OS=Windows_NT
PROCESSOR_IDENTIFIER=Intel64 Family 6 Model 60 Stepping 3, GenuineIntel



---------------  S Y S T E M  ---------------

OS: Windows 10 , 64 bit Build 19041 (10.0.19041.662)
OS uptime: 11 days 20:02 hours
HyperV virtualization detected

CPU:total 4 (initial active 4) (2 cores per cpu, 2 threads per core) family 6 model 60 stepping 3, cmov, cx8, fxsr, mmx, sse, sse2, sse3, ssse3, sse4.1, sse4.2, popcnt, avx, avx2, aes, clmul, erms, lzcnt, ht, tsc, tscinvbit, bmi1, bmi2, fma

Memory: 4k page, system-wide physical 16288M (3711M free)
TotalPageFile size 20384M (AvailPageFile size 194M)
current process WorkingSet (physical memory assigned to process): 10M, peak: 10M
current process commit charge ("private bytes"): 52M, peak: 307M

vm_info: OpenJDK 64-Bit Server VM (11.0.9.1+11-b1145.37) for windows-amd64 JRE (11.0.9.1+11-b1145.37), built on Dec 16 2020 17:09:15 by "" with MS VC++ 14.0 (VS2015)

END.
